2025-11-11 18:50:05 [main] INFO  taller.Articulo.ArticuloApplication - Starting ArticuloApplication using Java 17.0.12 with PID 2648 (D:\parcial\ParcialSolsol\Articulo\target\classes started by xrl8 in D:\parcial\ParcialSolsol)
2025-11-11 18:50:06 [main] INFO  taller.Articulo.ArticuloApplication - No active profile set, falling back to 1 default profile: "default"
2025-11-11 18:50:09 [main] INFO  o.s.d.r.c.RepositoryConfigurationDelegate - Bootstrapping Spring Data JPA repositories in DEFAULT mode.
2025-11-11 18:50:10 [main] INFO  o.s.d.r.c.RepositoryConfigurationDelegate - Finished Spring Data repository scanning in 120 ms. Found 1 JPA repository interface.
2025-11-11 18:50:11 [main] INFO  o.s.b.w.e.tomcat.TomcatWebServer - Tomcat initialized with port 8086 (http)
2025-11-11 18:50:11 [main] INFO  o.a.coyote.http11.Http11NioProtocol - Initializing ProtocolHandler ["http-nio-8086"]
2025-11-11 18:50:11 [main] INFO  o.a.catalina.core.StandardService - Starting service [Tomcat]
2025-11-11 18:50:11 [main] INFO  o.a.catalina.core.StandardEngine - Starting Servlet engine: [Apache Tomcat/10.1.48]
2025-11-11 18:50:11 [main] INFO  o.a.c.c.C.[Tomcat].[localhost].[/] - Initializing Spring embedded WebApplicationContext
2025-11-11 18:50:11 [main] INFO  o.s.b.w.s.c.ServletWebServerApplicationContext - Root WebApplicationContext: initialization completed in 5753 ms
2025-11-11 18:50:12 [main] DEBUG o.s.w.f.ServerHttpObservationFilter - Filter 'webMvcObservationFilter' configured for use
2025-11-11 18:50:12 [main] INFO  o.h.jpa.internal.util.LogHelper - HHH000204: Processing PersistenceUnitInfo [name: default]
2025-11-11 18:50:12 [main] INFO  org.hibernate.Version - HHH000412: Hibernate ORM core version 6.6.33.Final
2025-11-11 18:50:12 [main] INFO  o.h.c.i.RegionFactoryInitiator - HHH000026: Second-level cache disabled
2025-11-11 18:50:13 [main] INFO  o.s.o.j.p.SpringPersistenceUnitInfo - No LoadTimeWeaver setup: ignoring JPA class transformer
2025-11-11 18:50:13 [main] INFO  com.zaxxer.hikari.HikariDataSource - HikariPool-1 - Starting...
2025-11-11 18:50:14 [main] INFO  com.zaxxer.hikari.pool.HikariPool - HikariPool-1 - Added connection org.postgresql.jdbc.PgConnection@32646ecf
2025-11-11 18:50:14 [main] INFO  com.zaxxer.hikari.HikariDataSource - HikariPool-1 - Start completed.
2025-11-11 18:50:14 [main] INFO  o.hibernate.orm.connections.pooling - HHH10001005: Database info:
	Database JDBC URL [Connecting through datasource 'HikariDataSource (HikariPool-1)']
	Database driver: undefined/unknown
	Database version: 15.14
	Autocommit mode: undefined/unknown
	Isolation level: undefined/unknown
	Minimum pool size: undefined/unknown
	Maximum pool size: undefined/unknown
2025-11-11 18:50:16 [main] INFO  o.h.e.t.j.p.i.JtaPlatformInitiator - HHH000489: No JTA platform available (set 'hibernate.transaction.jta.platform' to enable JTA platform integration)
2025-11-11 18:50:16 [main] INFO  o.s.o.j.LocalContainerEntityManagerFactoryBean - Initialized JPA EntityManagerFactory for persistence unit 'default'
2025-11-11 18:50:16 [main] WARN  o.s.b.a.o.j.JpaBaseConfiguration$JpaWebConfiguration - spring.jpa.open-in-view is enabled by default. Therefore, database queries may be performed during view rendering. Explicitly configure spring.jpa.open-in-view to disable this warning
2025-11-11 18:50:16 [main] DEBUG o.s.w.s.m.m.a.RequestMappingHandlerMapping - 6 mappings in 'requestMappingHandlerMapping'
2025-11-11 18:50:17 [main] DEBUG o.s.w.s.h.SimpleUrlHandlerMapping - Patterns [/webjars/**, /**] in 'resourceHandlerMapping'
2025-11-11 18:50:17 [main] DEBUG o.s.w.s.m.m.a.RequestMappingHandlerAdapter - ControllerAdvice beans: 0 @ModelAttribute, 0 @InitBinder, 1 RequestBodyAdvice, 1 ResponseBodyAdvice
2025-11-11 18:50:17 [main] DEBUG o.s.w.s.m.m.a.ExceptionHandlerExceptionResolver - ControllerAdvice beans: 1 @ExceptionHandler, 1 ResponseBodyAdvice
2025-11-11 18:50:17 [main] INFO  o.s.b.a.e.web.EndpointLinksResolver - Exposing 1 endpoint beneath base path '/actuator'
2025-11-11 18:50:18 [main] INFO  o.a.coyote.http11.Http11NioProtocol - Starting ProtocolHandler ["http-nio-8086"]
2025-11-11 18:50:18 [RMI TCP Connection(2)-127.0.0.1] INFO  o.a.c.c.C.[Tomcat].[localhost].[/] - Initializing Spring DispatcherServlet 'dispatcherServlet'
2025-11-11 18:50:18 [main] INFO  o.s.b.w.e.tomcat.TomcatWebServer - Tomcat started on port 8086 (http) with context path '/'
2025-11-11 18:50:18 [RMI TCP Connection(2)-127.0.0.1] INFO  o.s.web.servlet.DispatcherServlet - Initializing Servlet 'dispatcherServlet'
2025-11-11 18:50:18 [main] INFO  taller.Articulo.ArticuloApplication - Started ArticuloApplication in 14.285 seconds (process running for 15.198)
2025-11-11 18:50:18 [RMI TCP Connection(2)-127.0.0.1] DEBUG o.s.web.servlet.DispatcherServlet - Detected StandardServletMultipartResolver
2025-11-11 18:50:18 [RMI TCP Connection(2)-127.0.0.1] DEBUG o.s.web.servlet.DispatcherServlet - Detected AcceptHeaderLocaleResolver
2025-11-11 18:50:18 [RMI TCP Connection(2)-127.0.0.1] DEBUG o.s.web.servlet.DispatcherServlet - Detected FixedThemeResolver
2025-11-11 18:50:18 [RMI TCP Connection(2)-127.0.0.1] DEBUG o.s.web.servlet.DispatcherServlet - Detected org.springframework.web.servlet.view.DefaultRequestToViewNameTranslator@578781f7
2025-11-11 18:50:18 [RMI TCP Connection(2)-127.0.0.1] DEBUG o.s.web.servlet.DispatcherServlet - Detected org.springframework.web.servlet.support.SessionFlashMapManager@4abb4041
2025-11-11 18:50:18 [RMI TCP Connection(2)-127.0.0.1] DEBUG o.s.web.servlet.DispatcherServlet - enableLoggingRequestDetails='false': request parameters and headers will be masked to prevent unsafe logging of potentially sensitive data
2025-11-11 18:50:18 [RMI TCP Connection(2)-127.0.0.1] INFO  o.s.web.servlet.DispatcherServlet - Completed initialization in 65 ms
2025-11-11 18:51:08 [http-nio-8086-exec-1] DEBUG o.s.web.servlet.DispatcherServlet - GET "/api/articulos", parameters={}
2025-11-11 18:51:08 [http-nio-8086-exec-1] DEBUG o.s.w.s.m.m.a.RequestMappingHandlerMapping - Mapped to taller.Articulo.controller.ArticuloController#getAll()
2025-11-11 18:51:08 [http-nio-8086-exec-1] INFO  t.A.controller.ArticuloController - Obteniendo todos los artículos
2025-11-11 18:51:08 [http-nio-8086-exec-1] DEBUG o.s.w.s.m.m.a.RequestResponseBodyMethodProcessor - Using 'application/json', given [*/*] and supported [application/json, application/*+json]
2025-11-11 18:51:08 [http-nio-8086-exec-1] DEBUG o.s.w.s.m.m.a.RequestResponseBodyMethodProcessor - Writing [[]]
2025-11-11 18:51:08 [http-nio-8086-exec-1] DEBUG o.s.web.servlet.DispatcherServlet - Completed 200 OK
2025-11-11 18:51:51 [http-nio-8086-exec-3] DEBUG o.s.web.servlet.DispatcherServlet - POST "/api/articulos", parameters={}
2025-11-11 18:51:51 [http-nio-8086-exec-3] DEBUG o.s.w.s.m.m.a.RequestMappingHandlerMapping - Mapped to taller.Articulo.controller.ArticuloController#create(ArticuloRequest)
2025-11-11 18:51:51 [http-nio-8086-exec-3] DEBUG o.s.w.s.m.m.a.RequestResponseBodyMethodProcessor - Read "application/json;charset=UTF-8" to [ArticuloRequest(nombre=Laptop hp, precio=4500.0)]
2025-11-11 18:51:51 [http-nio-8086-exec-3] INFO  t.A.controller.ArticuloController - Creando artículo: Laptop hp
2025-11-11 18:51:51 [http-nio-8086-exec-3] DEBUG o.s.w.s.m.m.a.RequestResponseBodyMethodProcessor - Using 'application/json', given [*/*] and supported [application/json, application/*+json]
2025-11-11 18:51:51 [http-nio-8086-exec-3] DEBUG o.s.w.s.m.m.a.RequestResponseBodyMethodProcessor - Writing [ArticuloResponse(id=1, nombre=Laptop hp, precio=4500.0)]
2025-11-11 18:51:51 [http-nio-8086-exec-3] DEBUG o.s.web.servlet.DispatcherServlet - Completed 200 OK
2025-11-11 18:51:57 [http-nio-8086-exec-2] DEBUG o.s.web.servlet.DispatcherServlet - GET "/api/articulos", parameters={}
2025-11-11 18:51:57 [http-nio-8086-exec-2] DEBUG o.s.w.s.m.m.a.RequestMappingHandlerMapping - Mapped to taller.Articulo.controller.ArticuloController#getAll()
2025-11-11 18:51:57 [http-nio-8086-exec-2] INFO  t.A.controller.ArticuloController - Obteniendo todos los artículos
2025-11-11 18:51:57 [http-nio-8086-exec-2] DEBUG o.s.w.s.m.m.a.RequestResponseBodyMethodProcessor - Using 'application/json', given [*/*] and supported [application/json, application/*+json]
2025-11-11 18:51:57 [http-nio-8086-exec-2] DEBUG o.s.w.s.m.m.a.RequestResponseBodyMethodProcessor - Writing [[ArticuloResponse(id=1, nombre=Laptop hp, precio=4500.0)]]
2025-11-11 18:51:57 [http-nio-8086-exec-2] DEBUG o.s.web.servlet.DispatcherServlet - Completed 200 OK
2025-11-11 18:52:03 [http-nio-8086-exec-4] DEBUG o.s.web.servlet.DispatcherServlet - POST "/api/articulos", parameters={}
2025-11-11 18:52:03 [http-nio-8086-exec-4] DEBUG o.s.w.s.m.m.a.RequestMappingHandlerMapping - Mapped to taller.Articulo.controller.ArticuloController#create(ArticuloRequest)
2025-11-11 18:52:03 [http-nio-8086-exec-4] DEBUG o.s.w.s.m.m.a.RequestResponseBodyMethodProcessor - Read "application/json;charset=UTF-8" to [ArticuloRequest(nombre=Laptop hp, precio=4500.0)]
2025-11-11 18:52:03 [http-nio-8086-exec-4] INFO  t.A.controller.ArticuloController - Creando artículo: Laptop hp
2025-11-11 18:52:03 [http-nio-8086-exec-4] DEBUG o.s.w.s.m.m.a.RequestResponseBodyMethodProcessor - Using 'application/json', given [*/*] and supported [application/json, application/*+json]
2025-11-11 18:52:03 [http-nio-8086-exec-4] DEBUG o.s.w.s.m.m.a.RequestResponseBodyMethodProcessor - Writing [ArticuloResponse(id=2, nombre=Laptop hp, precio=4500.0)]
2025-11-11 18:52:03 [http-nio-8086-exec-4] DEBUG o.s.web.servlet.DispatcherServlet - Completed 200 OK
2025-11-11 18:52:03 [http-nio-8086-exec-6] DEBUG o.s.web.servlet.DispatcherServlet - POST "/api/articulos", parameters={}
2025-11-11 18:52:03 [http-nio-8086-exec-6] DEBUG o.s.w.s.m.m.a.RequestMappingHandlerMapping - Mapped to taller.Articulo.controller.ArticuloController#create(ArticuloRequest)
2025-11-11 18:52:03 [http-nio-8086-exec-6] DEBUG o.s.w.s.m.m.a.RequestResponseBodyMethodProcessor - Read "application/json;charset=UTF-8" to [ArticuloRequest(nombre=Laptop hp, precio=4500.0)]
2025-11-11 18:52:03 [http-nio-8086-exec-6] INFO  t.A.controller.ArticuloController - Creando artículo: Laptop hp
2025-11-11 18:52:03 [http-nio-8086-exec-6] DEBUG o.s.w.s.m.m.a.RequestResponseBodyMethodProcessor - Using 'application/json', given [*/*] and supported [application/json, application/*+json]
2025-11-11 18:52:03 [http-nio-8086-exec-6] DEBUG o.s.w.s.m.m.a.RequestResponseBodyMethodProcessor - Writing [ArticuloResponse(id=3, nombre=Laptop hp, precio=4500.0)]
2025-11-11 18:52:03 [http-nio-8086-exec-6] DEBUG o.s.web.servlet.DispatcherServlet - Completed 200 OK
2025-11-11 18:52:04 [http-nio-8086-exec-5] DEBUG o.s.web.servlet.DispatcherServlet - POST "/api/articulos", parameters={}
2025-11-11 18:52:04 [http-nio-8086-exec-5] DEBUG o.s.w.s.m.m.a.RequestMappingHandlerMapping - Mapped to taller.Articulo.controller.ArticuloController#create(ArticuloRequest)
2025-11-11 18:52:04 [http-nio-8086-exec-5] DEBUG o.s.w.s.m.m.a.RequestResponseBodyMethodProcessor - Read "application/json;charset=UTF-8" to [ArticuloRequest(nombre=Laptop hp, precio=4500.0)]
2025-11-11 18:52:04 [http-nio-8086-exec-5] INFO  t.A.controller.ArticuloController - Creando artículo: Laptop hp
2025-11-11 18:52:04 [http-nio-8086-exec-5] DEBUG o.s.w.s.m.m.a.RequestResponseBodyMethodProcessor - Using 'application/json', given [*/*] and supported [application/json, application/*+json]
2025-11-11 18:52:04 [http-nio-8086-exec-5] DEBUG o.s.w.s.m.m.a.RequestResponseBodyMethodProcessor - Writing [ArticuloResponse(id=4, nombre=Laptop hp, precio=4500.0)]
2025-11-11 18:52:04 [http-nio-8086-exec-5] DEBUG o.s.web.servlet.DispatcherServlet - Completed 200 OK
2025-11-11 18:52:04 [http-nio-8086-exec-7] DEBUG o.s.web.servlet.DispatcherServlet - POST "/api/articulos", parameters={}
2025-11-11 18:52:04 [http-nio-8086-exec-7] DEBUG o.s.w.s.m.m.a.RequestMappingHandlerMapping - Mapped to taller.Articulo.controller.ArticuloController#create(ArticuloRequest)
2025-11-11 18:52:04 [http-nio-8086-exec-7] DEBUG o.s.w.s.m.m.a.RequestResponseBodyMethodProcessor - Read "application/json;charset=UTF-8" to [ArticuloRequest(nombre=Laptop hp, precio=4500.0)]
2025-11-11 18:52:04 [http-nio-8086-exec-7] INFO  t.A.controller.ArticuloController - Creando artículo: Laptop hp
2025-11-11 18:52:04 [http-nio-8086-exec-7] DEBUG o.s.w.s.m.m.a.RequestResponseBodyMethodProcessor - Using 'application/json', given [*/*] and supported [application/json, application/*+json]
2025-11-11 18:52:04 [http-nio-8086-exec-7] DEBUG o.s.w.s.m.m.a.RequestResponseBodyMethodProcessor - Writing [ArticuloResponse(id=5, nombre=Laptop hp, precio=4500.0)]
2025-11-11 18:52:04 [http-nio-8086-exec-7] DEBUG o.s.web.servlet.DispatcherServlet - Completed 200 OK
2025-11-11 18:52:07 [http-nio-8086-exec-8] DEBUG o.s.web.servlet.DispatcherServlet - GET "/api/articulos", parameters={}
2025-11-11 18:52:07 [http-nio-8086-exec-8] DEBUG o.s.w.s.m.m.a.RequestMappingHandlerMapping - Mapped to taller.Articulo.controller.ArticuloController#getAll()
2025-11-11 18:52:07 [http-nio-8086-exec-8] INFO  t.A.controller.ArticuloController - Obteniendo todos los artículos
2025-11-11 18:52:07 [http-nio-8086-exec-8] DEBUG o.s.w.s.m.m.a.RequestResponseBodyMethodProcessor - Using 'application/json', given [*/*] and supported [application/json, application/*+json]
2025-11-11 18:52:07 [http-nio-8086-exec-8] DEBUG o.s.w.s.m.m.a.RequestResponseBodyMethodProcessor - Writing [[ArticuloResponse(id=1, nombre=Laptop hp, precio=4500.0), ArticuloResponse(id=2, nombre=Laptop hp, p (truncated)...]
2025-11-11 18:52:07 [http-nio-8086-exec-8] DEBUG o.s.web.servlet.DispatcherServlet - Completed 200 OK
